[2026-06-12T22:42:54.285933] INFO: Server registered: WebServer-01 (192.168.1.10)
[2026-06-12T22:42:54.287135] ERROR: Failed to save server to DB: Insert failed: UNIQUE constraint failed: servers.id
[2026-06-12T22:42:54.287193] INFO: Server registered: DatabaseServer (192.168.1.20)
[2026-06-12T22:42:54.287238] ERROR: Failed to save server to DB: Insert failed: UNIQUE constraint failed: servers.id
[2026-06-12T22:42:54.287281] INFO: Server registered: AppServer-01 (192.168.1.30)
[2026-06-12T22:42:54.287317] ERROR: Failed to save server to DB: Insert failed: UNIQUE constraint failed: servers.id
[2026-06-12T22:42:54.290297] INFO: Metrics collected: ServerMetric(server_id=1, cpu=35%, ram=40%, disk=50%)
[2026-06-12T22:42:54.297755] INFO: Analysis completed: {'server_id': 1, 'cpu': 35, 'ram': 40, 'disk': 50, 'avg_load': 41.67, 'classification': 0, 'status': 'normal', 'timestamp': '2026-06-12T22:42:54.290162'}
[2026-06-12T22:42:54.308779] INFO: Metrics collected: ServerMetric(server_id=1, cpu=78%, ram=72%, disk=65%)
[2026-06-12T22:42:54.318097] INFO: Analysis completed: {'server_id': 1, 'cpu': 78, 'ram': 72, 'disk': 65, 'avg_load': 71.67, 'classification': 1, 'status': 'warning', 'timestamp': '2026-06-12T22:42:54.290187'}
[2026-06-12T22:42:54.328868] INFO: Event triggered: {"server_id": 1, "cpu": 78, "ram": 72, "disk": 65, "avg_load": 71.67, "classification": 1, "status": "warning", "timestamp": "2026-06-12T22:42:54.290187"}
[2026-06-12T22:42:54.330228] INFO: Event triggered: {"server_id": 1, "cpu": 78, "ram": 72, "disk": 65, "avg_load": 71.67, "classification": 1, "status": "warning", "timestamp": "2026-06-12T22:42:54.290187"}
[2026-06-12T22:42:54.331176] INFO: Metrics collected: ServerMetric(server_id=1, cpu=92%, ram=88%, disk=82%)
[2026-06-12T22:42:54.340752] INFO: Analysis completed: {'server_id': 1, 'cpu': 92, 'ram': 88, 'disk': 82, 'avg_load': 87.33, 'classification': 2, 'status': 'critical', 'timestamp': '2026-06-12T22:42:54.290191'}
[2026-06-12T22:42:54.350370] INFO: Event triggered: {"server_id": 1, "cpu": 92, "ram": 88, "disk": 82, "avg_load": 87.33, "classification": 2, "status": "critical", "timestamp": "2026-06-12T22:42:54.290191"}
[2026-06-12T22:42:54.350848] INFO: Event triggered: {"server_id": 1, "cpu": 92, "ram": 88, "disk": 82, "avg_load": 87.33, "classification": 2, "status": "critical", "timestamp": "2026-06-12T22:42:54.290191"}
[2026-06-12T22:42:54.352072] INFO: Event triggered: {"server_id": 1, "cpu": 92, "ram": 88, "disk": 82, "avg_load": 87.33, "classification": 2, "status": "critical", "timestamp": "2026-06-12T22:42:54.290191"}
[2026-06-12T22:42:54.352464] INFO: Metrics collected: ServerMetric(server_id=2, cpu=50%, ram=55%, disk=60%)
[2026-06-12T22:42:54.363091] INFO: Analysis completed: {'server_id': 2, 'cpu': 50, 'ram': 55, 'disk': 60, 'avg_load': 55.0, 'classification': 0, 'status': 'normal', 'timestamp': '2026-06-12T22:42:54.290194'}
[2026-06-12T22:42:54.373350] INFO: Metrics collected: ServerMetric(server_id=2, cpu=85%, ram=75%, disk=70%)
[2026-06-12T22:42:54.381822] INFO: Analysis completed: {'server_id': 2, 'cpu': 85, 'ram': 75, 'disk': 70, 'avg_load': 76.67, 'classification': 1, 'status': 'warning', 'timestamp': '2026-06-12T22:42:54.290197'}
[2026-06-12T22:42:54.390792] INFO: Event triggered: {"server_id": 2, "cpu": 85, "ram": 75, "disk": 70, "avg_load": 76.67, "classification": 1, "status": "warning", "timestamp": "2026-06-12T22:42:54.290197"}
[2026-06-12T22:42:54.391916] INFO: Event triggered: {"server_id": 2, "cpu": 85, "ram": 75, "disk": 70, "avg_load": 76.67, "classification": 1, "status": "warning", "timestamp": "2026-06-12T22:42:54.290197"}
[2026-06-12T22:42:54.392761] INFO: Metrics collected: ServerMetric(server_id=3, cpu=30%, ram=35%, disk=40%)
[2026-06-12T22:42:54.400148] INFO: Analysis completed: {'server_id': 3, 'cpu': 30, 'ram': 35, 'disk': 40, 'avg_load': 35.0, 'classification': 0, 'status': 'normal', 'timestamp': '2026-06-12T22:42:54.290200'}
